Arguments: 
  C:\Program Files\nodejs\node.exe C:\Users\Generic\AppData\Roaming\npm\node_modules\yarn\bin\yarn.js install

PATH: 
  C:\Program Files\Common Files\Oracle\Java\javapath;C:\Windows\system32;C:\Windows;C:\Windows\System32\Wbem;C:\Windows\System32\WindowsPowerShell\v1.0\;C:\Windows\System32\OpenSSH\;C:\Program Files (x86)\NVIDIA Corporation\PhysX\Common;C:\Program Files\Docker\Docker\resources\bin;C:\ProgramData\DockerDesktop\version-bin;C:\Program Files\Git\cmd;C:\Program Files\PuTTY\;C:\Program Files\nodejs\;C:\Program Files\Go\bin;C:\Program Files\dotnet\;C:\Program Files\Microsoft SQL Server\150\Tools\Binn\;C:\Program Files\Microsoft SQL Server\Client SDK\ODBC\170\Tools\Binn\;C:\Program Files (x86)\Microsoft SQL Server\160\Tools\Binn\;C:\Program Files\Microsoft SQL Server\160\Tools\Binn\;C:\Program Files\Microsoft SQL Server\160\DTS\Binn\;C:\WINDOWS\system32;C:\WINDOWS;C:\WINDOWS\System32\Wbem;C:\WINDOWS\System32\WindowsPowerShell\v1.0\;C:\WINDOWS\System32\OpenSSH\;C:\Program Files\Azure Data Studio\bin;C:\Users\Generic\scoop\shims;C:\Users\Generic\AppData\Local\Programs\Python\Python310\Scripts\;C:\Users\Generic\AppData\Local\Programs\Python\Python310\;C:\Users\Generic\AppData\Local\Microsoft\WindowsApps;C:\Users\Generic\AppData\Local\Programs\Microsoft VS Code\bin;C:\Users\Generic\AppData\Local\GitHubDesktop\bin;C:\Users\Generic\AppData\Roaming\npm;C:\Users\Generic\AppData\Local\Programs\Python\Python310;C:\Users\Generic\go\bin;C:\Users\Generic\.dotnet\tools;C:\Users\Generic\AppData\Local\Microsoft\WindowsApps;;C:\Program Files\Azure Data Studio\bin

Yarn version: 
  1.22.19

Node version: 
  18.12.1

Platform: 
  win32 x64

Trace: 
  Error: EPERM: operation not permitted, unlink 'C:\Users\Generic\Desktop\svelte-cubatryjoin\node_modules\@esbuild\win32-x64\esbuild.exe'

npm manifest: 
  {
  	"name": "svelte-cubatryjoin",
  	"version": "0.0.1",
  	"private": true,
  	"scripts": {
  		"dev": "vite dev",
  		"build": "vite build",
  		"preview": "vite preview",
  		"check": "svelte-kit sync && svelte-check --tsconfig ./tsconfig.json",
  		"check:watch": "svelte-kit sync && svelte-check --tsconfig ./tsconfig.json --watch",
  		"lint": "prettier --plugin-search-dir . --check . && eslint .",
  		"format": "prettier --plugin-search-dir . --write ."
  	},
  	"devDependencies": {
  		"@rgossiaux/svelte-headlessui": "^1.0.2",
  		"@sveltejs/adapter-auto": "^2.0.0",
  		"@sveltejs/kit": "^1.5.0",
  		"@typescript-eslint/eslint-plugin": "^5.45.0",
  		"@typescript-eslint/parser": "^5.45.0",
  		"autoprefixer": "^10.4.13",
  		"eslint": "^8.28.0",
  		"eslint-config-prettier": "^8.5.0",
  		"eslint-plugin-svelte3": "^4.0.0",
  		"postcss": "^8.4.21",
  		"prettier": "^2.8.0",
  		"prettier-plugin-svelte": "^2.8.1",
  		"svelte": "^3.54.0",
  		"svelte-check": "^3.0.1",
  		"tailwindcss": "^3.2.7",
  		"tslib": "^2.4.1",
  		"typescript": "^4.9.3",
  		"vite": "^4.0.0"
  	},
  	"type": "module"
  }

yarn manifest: 
  No manifest

Lockfile: 
  No lockfile
